<?xml version="1.0" encoding="UTF-8"?>
<!-- Generated by org.testng.reporters.JUnitReportReporter -->
<testsuite hostname="C2XPXJ2" name="com.hmh.magic.testscript.TestScript" tests="1" failures="0" timestamp="9 Jan 2018 07:59:25 GMT" time="79.853" errors="0">
  <testcase name="PMTScript" time="79.853" classname="com.hmh.magic.testscript.TestScript"/>
</testsuite> <!-- com.hmh.magic.testscript.TestScript -->
